#
# There is insufficient memory for the Java Runtime Environment to continue.
# Native memory allocation (mmap) failed to map 715784192 bytes for committing reserved memory.
# Possible reasons:
#   The system is out of physical RAM or swap space
#   In 32 bit mode, the process size limit was hit
# Possible solutions:
#   Reduce memory load on the system
#   Increase physical memory or swap space
#   Check if swap backing store is full
#   Use 64 bit Java on a 64 bit OS
#   Decrease Java heap size (-Xmx/-Xms)
#   Decrease number of Java threads
#   Decrease Java thread stack sizes (-Xss)
#   Set larger code cache with -XX:ReservedCodeCacheSize=
# This output file may be truncated or incomplete.
#
#  Out of Memory Error (os_linux.cpp:2643), pid=12624, tid=0x00007f3f43dee700
#
# JRE version:  (8.0_162-b12) (build )
# Java VM: OpenJDK 64-Bit Server VM (25.162-b12 mixed mode linux-amd64 compressed oops)
# Failed to write core dump. Core dumps have been disabled. To enable core dumping, try "ulimit -c unlimited" before starting Java again
#

---------------  T H R E A D  ---------------

Current thread (0x00007f3f3c00b000):  JavaThread "Unknown thread" [_thread_in_vm, id=12627, stack(0x00007f3f43cee000,0x00007f3f43def000)]

Stack: [0x00007f3f43cee000,0x00007f3f43def000],  sp=0x00007f3f43ded5d0,  free space=1021k
Native frames: (J=compiled Java code, j=interpreted, Vv=VM code, C=native code)
V  [libjvm.so+0xa6d16b]
V  [libjvm.so+0x4c698c]
V  [libjvm.so+0x8b9e18]
V  [libjvm.so+0x8b41ae]
V  [libjvm.so+0xa69a54]
V  [libjvm.so+0x5cbfd6]
V  [libjvm.so+0x4cfe6f]
V  [libjvm.so+0x5cd3a2]
V  [libjvm.so+0x5b932f]
V  [libjvm.so+0xa306d9]
V  [libjvm.so+0xa30922]
V  [libjvm.so+0x610e5f]
V  [libjvm.so+0xa15cca]
V  [libjvm.so+0x68b432]  JNI_CreateJavaVM+0x62
C  [libjli.so+0x2f2e]
C  [libjli.so+0x74ad]
C  [libpthread.so.0+0x76ba]  start_thread+0xca


---------------  P R O C E S S  ---------------

Java Threads: ( => current thread )

Other Threads:

=>0x00007f3f3c00b000 (exited) JavaThread "Unknown thread" [_thread_in_vm, id=12627, stack(0x00007f3f43cee000,0x00007f3f43def000)]

VM state:not at safepoint (not fully initialized)

VM Mutex/Monitor currently owned by a thread: None

GC Heap History (0 events):
No events

Deoptimization events (0 events):
No events

Classes redefined (0 events):
No events

Internal exceptions (0 events):
No events

Events (0 events):
No events


Dynamic libraries:
00400000-00401000 r-xp 00000000 08:01 276490                             /usr/lib/jvm/java-8-openjdk-amd64/jre/bin/java
00600000-00601000 r--p 00000000 08:01 276490                             /usr/lib/jvm/java-8-openjdk-amd64/jre/bin/java
00601000-00602000 rw-p 00001000 08:01 276490                             /usr/lib/jvm/java-8-openjdk-amd64/jre/bin/java
02045000-02066000 rw-p 00000000 00:00 0                                  [heap]
aaaa0000-100000000 ---p 00000000 00:00 0 
7f3f2cbff000-7f3f2cfff000 ---p 00000000 00:00 0 
7f3f2cfff000-7f3f2d000000 rw-p 00000000 00:00 0 
7f3f2d000000-7f3f2d270000 rwxp 00000000 00:00 0 
7f3f2d270000-7f3f3c000000 ---p 00000000 00:00 0 
7f3f3c000000-7f3f3c032000 rw-p 00000000 00:00 0 
7f3f3c032000-7f3f40000000 ---p 00000000 00:00 0 
7f3f4038c000-7f3f40396000 rw-p 00000000 00:00 0 
7f3f40396000-7f3f4074c000 ---p 00000000 00:00 0 
7f3f4074c000-7f3f40754000 r-xp 00000000 08:01 276448                     /usr/lib/jvm/java-8-openjdk-amd64/jre/lib/amd64/libzip.so
7f3f40754000-7f3f40953000 ---p 00008000 08:01 276448                     /usr/lib/jvm/java-8-openjdk-amd64/jre/lib/amd64/libzip.so
7f3f40953000-7f3f40954000 r--p 00007000 08:01 276448                     /usr/lib/jvm/java-8-openjdk-amd64/jre/lib/amd64/libzip.so
7f3f40954000-7f3f40955000 rw-p 00008000 08:01 276448                     /usr/lib/jvm/java-8-openjdk-amd64/jre/lib/amd64/libzip.so
7f3f40955000-7f3f40960000 r-xp 00000000 08:01 1989                       /lib/x86_64-linux-gnu/libnss_files-2.23.so
7f3f40960000-7f3f40b5f000 ---p 0000b000 08:01 1989                       /lib/x86_64-linux-gnu/libnss_files-2.23.so
7f3f40b5f000-7f3f40b60000 r--p 0000a000 08:01 1989                       /lib/x86_64-linux-gnu/libnss_files-2.23.so
7f3f40b60000-7f3f40b61000 rw-p 0000b000 08:01 1989                       /lib/x86_64-linux-gnu/libnss_files-2.23.so
7f3f40b61000-7f3f40b67000 rw-p 00000000 00:00 0 
7f3f40b67000-7f3f40b72000 r-xp 00000000 08:01 1993                       /lib/x86_64-linux-gnu/libnss_nis-2.23.so
7f3f40b72000-7f3f40d71000 ---p 0000b000 08:01 1993                       /lib/x86_64-linux-gnu/libnss_nis-2.23.so
7f3f40d71000-7f3f40d72000 r--p 0000a000 08:01 1993                       /lib/x86_64-linux-gnu/libnss_nis-2.23.so
7f3f40d72000-7f3f40d73000 rw-p 0000b000 08:01 1993                       /lib/x86_64-linux-gnu/libnss_nis-2.23.so
7f3f40d73000-7f3f40d89000 r-xp 00000000 08:01 1966                       /lib/x86_64-linux-gnu/libnsl-2.23.so
7f3f40d89000-7f3f40f88000 ---p 00016000 08:01 1966                       /lib/x86_64-linux-gnu/libnsl-2.23.so
7f3f40f88000-7f3f40f89000 r--p 00015000 08:01 1966                       /lib/x86_64-linux-gnu/libnsl-2.23.so
7f3f40f89000-7f3f40f8a000 rw-p 00016000 08:01 1966                       /lib/x86_64-linux-gnu/libnsl-2.23.so
7f3f40f8a000-7f3f40f8c000 rw-p 00000000 00:00 0 
7f3f40f8c000-7f3f40f94000 r-xp 00000000 08:01 1981                       /lib/x86_64-linux-gnu/libnss_compat-2.23.so
7f3f40f94000-7f3f41193000 ---p 00008000 08:01 1981                       /lib/x86_64-linux-gnu/libnss_compat-2.23.so
7f3f41193000-7f3f41194000 r--p 00007000 08:01 1981                       /lib/x86_64-linux-gnu/libnss_compat-2.23.so
7f3f41194000-7f3f41195000 rw-p 00008000 08:01 1981                       /lib/x86_64-linux-gnu/libnss_compat-2.23.so
7f3f41195000-7f3f411c2000 r-xp 00000000 08:01 276451                     /usr/lib/jvm/java-8-openjdk-amd64/jre/lib/amd64/libjava.so
7f3f411c2000-7f3f413c1000 ---p 0002d000 08:01 276451                     /usr/lib/jvm/java-8-openjdk-amd64/jre/lib/amd64/libjava.so
7f3f413c1000-7f3f413c2000 r--p 0002c000 08:01 276451                     /usr/lib/jvm/java-8-openjdk-amd64/jre/lib/amd64/libjava.so
7f3f413c2000-7f3f413c4000 rw-p 0002d000 08:01 276451                     /usr/lib/jvm/java-8-openjdk-amd64/jre/lib/amd64/libjava.so
7f3f413c4000-7f3f413d3000 r-xp 00000000 08:01 276461                     /usr/lib/jvm/java-8-openjdk-amd64/jre/lib/amd64/libverify.so
7f3f413d3000-7f3f415d2000 ---p 0000f000 08:01 276461                     /usr/lib/jvm/java-8-openjdk-amd64/jre/lib/amd64/libverify.so
7f3f415d2000-7f3f415d4000 r--p 0000e000 08:01 276461                     /usr/lib/jvm/java-8-openjdk-amd64/jre/lib/amd64/libverify.so
7f3f415d4000-7f3f415d5000 rw-p 00010000 08:01 276461                     /usr/lib/jvm/java-8-openjdk-amd64/jre/lib/amd64/libverify.so
7f3f415d5000-7f3f415dc000 r-xp 00000000 08:01 1994                       /lib/x86_64-linux-gnu/librt-2.23.so
7f3f415dc000-7f3f417db000 ---p 00007000 08:01 1994                       /lib/x86_64-linux-gnu/librt-2.23.so
7f3f417db000-7f3f417dc000 r--p 00006000 08:01 1994                       /lib/x86_64-linux-gnu/librt-2.23.so
7f3f417dc000-7f3f417dd000 rw-p 00007000 08:01 1994                       /lib/x86_64-linux-gnu/librt-2.23.so
7f3f417dd000-7f3f417f3000 r-xp 00000000 08:01 1963                       /lib/x86_64-linux-gnu/libgcc_s.so.1
7f3f417f3000-7f3f419f2000 ---p 00016000 08:01 1963                       /lib/x86_64-linux-gnu/libgcc_s.so.1
7f3f419f2000-7f3f419f3000 rw-p 00015000 08:01 1963                       /lib/x86_64-linux-gnu/libgcc_s.so.1
7f3f419f3000-7f3f41afb000 r-xp 00000000 08:01 1965                       /lib/x86_64-linux-gnu/libm-2.23.so
7f3f41afb000-7f3f41cfa000 ---p 00108000 08:01 1965                       /lib/x86_64-linux-gnu/libm-2.23.so
7f3f41cfa000-7f3f41cfb000 r--p 00107000 08:01 1965                       /lib/x86_64-linux-gnu/libm-2.23.so
7f3f41cfb000-7f3f41cfc000 rw-p 00108000 08:01 1965                       /lib/x86_64-linux-gnu/libm-2.23.so
7f3f41cfc000-7f3f41e6e000 r-xp 00000000 08:01 25785                      /usr/lib/x86_64-linux-gnu/libstdc++.so.6.0.21
7f3f41e6e000-7f3f4206e000 ---p 00172000 08:01 25785                      /usr/lib/x86_64-linux-gnu/libstdc++.so.6.0.21
7f3f4206e000-7f3f42078000 r--p 00172000 08:01 25785                      /usr/lib/x86_64-linux-gnu/libstdc++.so.6.0.21
7f3f42078000-7f3f4207a000 rw-p 0017c000 08:01 25785                      /usr/lib/x86_64-linux-gnu/libstdc++.so.6.0.21
7f3f4207a000-7f3f4207e000 rw-p 00000000 00:00 0 
7f3f4207e000-7f3f42cd6000 r-xp 00000000 08:01 276446                     /usr/lib/jvm/java-8-openjdk-amd64/jre/lib/amd64/server/libjvm.so
7f3f42cd6000-7f3f42ed6000 ---p 00c58000 08:01 276446                     /usr/lib/jvm/java-8-openjdk-amd64/jre/lib/amd64/server/libjvm.so
7f3f42ed6000-7f3f42f69000 r--p 00c58000 08:01 276446                     /usr/lib/jvm/java-8-openjdk-amd64/jre/lib/amd64/server/libjvm.so
7f3f42f69000-7f3f42f92000 rw-p 00ceb000 08:01 276446                     /usr/lib/jvm/java-8-openjdk-amd64/jre/lib/amd64/server/libjvm.so
7f3f42f92000-7f3f42fc2000 rw-p 00000000 00:00 0 
7f3f42fc2000-7f3f42fda000 r-xp 00000000 08:01 1968                       /lib/x86_64-linux-gnu/libpthread-2.23.so
7f3f42fda000-7f3f431d9000 ---p 00018000 08:01 1968                       /lib/x86_64-linux-gnu/libpthread-2.23.so
7f3f431d9000-7f3f431da000 r--p 00017000 08:01 1968                       /lib/x86_64-linux-gnu/libpthread-2.23.so
7f3f431da000-7f3f431db000 rw-p 00018000 08:01 1968                       /lib/x86_64-linux-gnu/libpthread-2.23.so
7f3f431db000-7f3f431df000 rw-p 00000000 00:00 0 
7f3f431df000-7f3f431e2000 r-xp 00000000 08:01 1971                       /lib/x86_64-linux-gnu/libdl-2.23.so
7f3f431e2000-7f3f433e1000 ---p 00003000 08:01 1971                       /lib/x86_64-linux-gnu/libdl-2.23.so
7f3f433e1000-7f3f433e2000 r--p 00002000 08:01 1971                       /lib/x86_64-linux-gnu/libdl-2.23.so
7f3f433e2000-7f3f433e3000 rw-p 00003000 08:01 1971                       /lib/x86_64-linux-gnu/libdl-2.23.so
7f3f433e3000-7f3f433fc000 r-xp 00000000 08:01 2118                       /lib/x86_64-linux-gnu/libz.so.1.2.8
7f3f433fc000-7f3f435fb000 ---p 00019000 08:01 2118                       /lib/x86_64-linux-gnu/libz.so.1.2.8
7f3f435fb000-7f3f435fc000 r--p 00018000 08:01 2118                       /lib/x86_64-linux-gnu/libz.so.1.2.8
7f3f435fc000-7f3f435fd000 rw-p 00019000 08:01 2118                       /lib/x86_64-linux-gnu/libz.so.1.2.8
7f3f435fd000-7f3f437bd000 r-xp 00000000 08:01 1969                       /lib/x86_64-linux-gnu/libc-2.23.so
7f3f437bd000-7f3f439bd000 ---p 001c0000 08:01 1969                       /lib/x86_64-linux-gnu/libc-2.23.so
7f3f439bd000-7f3f439c1000 r--p 001c0000 08:01 1969                       /lib/x86_64-linux-gnu/libc-2.23.so
7f3f439c1000-7f3f439c3000 rw-p 001c4000 08:01 1969                       /lib/x86_64-linux-gnu/libc-2.23.so
7f3f439c3000-7f3f439c7000 rw-p 00000000 00:00 0 
7f3f439c7000-7f3f439d4000 r-xp 00000000 08:01 276457                     /usr/lib/jvm/java-8-openjdk-amd64/jre/lib/amd64/jli/libjli.so
7f3f439d4000-7f3f43bd4000 ---p 0000d000 08:01 276457                     /usr/lib/jvm/java-8-openjdk-amd64/jre/lib/amd64/jli/libjli.so
7f3f43bd4000-7f3f43bd5000 r--p 0000d000 08:01 276457                     /usr/lib/jvm/java-8-openjdk-amd64/jre/lib/amd64/jli/libjli.so
7f3f43bd5000-7f3f43bd6000 rw-p 0000e000 08:01 276457                     /usr/lib/jvm/java-8-openjdk-amd64/jre/lib/amd64/jli/libjli.so
7f3f43bd6000-7f3f43bfc000 r-xp 00000000 08:01 1967                       /lib/x86_64-linux-gnu/ld-2.23.so
7f3f43ce6000-7f3f43cee000 rw-s 00000000 08:01 278932                     /tmp/hsperfdata_root/12624
7f3f43cee000-7f3f43cf1000 ---p 00000000 00:00 0 
7f3f43cf1000-7f3f43df3000 rw-p 00000000 00:00 0 
7f3f43df8000-7f3f43df9000 rw-p 00000000 00:00 0 
7f3f43df9000-7f3f43dfa000 r--p 00000000 00:00 0 
7f3f43dfa000-7f3f43dfb000 rw-p 00000000 00:00 0 
7f3f43dfb000-7f3f43dfc000 r--p 00025000 08:01 1967                       /lib/x86_64-linux-gnu/ld-2.23.so
7f3f43dfc000-7f3f43dfd000 rw-p 00026000 08:01 1967                       /lib/x86_64-linux-gnu/ld-2.23.so
7f3f43dfd000-7f3f43dfe000 rw-p 00000000 00:00 0 
7ffdc2886000-7ffdc28a7000 rw-p 00000000 00:00 0                          [stack]
7ffdc28d3000-7ffdc28d6000 r--p 00000000 00:00 0                          [vvar]
7ffdc28d6000-7ffdc28d8000 r-xp 00000000 00:00 0                          [vdso]
ffffffffff600000-ffffffffff601000 r-xp 00000000 00:00 0                  [vsyscall]

VM Arguments:
jvm_args: -Xms2g -Xmx2g -Djruby.logger.class=com.puppetlabs.jruby_utils.jruby.Slf4jLogger -Djava.security.egd=/dev/urandom -XX:OnOutOfMemoryError=kill -9 %p 
java_command: clojure.main -m puppetlabs.trapperkeeper.main --config /etc/puppetlabs/puppetserver/conf.d --bootstrap-config /etc/puppetlabs/puppetserver/services.d/,/opt/puppetlabs/server/apps/puppetserver/config/services.d/ --restart-file /opt/puppetlabs/server/data/puppetserver/restartcounter
java_class_path (initial): /opt/puppetlabs/server/apps/puppetserver/puppet-server-release.jar:/opt/puppetlabs/server/apps/puppetserver/jruby-1_7.jar:/opt/puppetlabs/server/data/puppetserver/jars/*
Launcher Type: SUN_STANDARD

Environment Variables:
PATH=/usr/local/sbin:/usr/local/bin:/usr/sbin:/usr/bin:/sbin:/bin:/snap/bin:/opt/puppetlabs/bin:/opt/puppetlabs/bin/
SHELL=/bin/bash

Signal Handlers:
SIGSEGV: [libjvm.so+0xa6dcc0], sa_mask[0]=11111111011111111101111111111110, sa_flags=SA_RESTART|SA_SIGINFO
SIGBUS: [libjvm.so+0xa6dcc0], sa_mask[0]=11111111011111111101111111111110, sa_flags=SA_RESTART|SA_SIGINFO
SIGFPE: [libjvm.so+0x8b5350], sa_mask[0]=11111111011111111101111111111110, sa_flags=SA_RESTART|SA_SIGINFO
SIGPIPE: [libjvm.so+0x8b5350], sa_mask[0]=11111111011111111101111111111110, sa_flags=SA_RESTART|SA_SIGINFO
SIGXFSZ: [libjvm.so+0x8b5350], sa_mask[0]=11111111011111111101111111111110, sa_flags=SA_RESTART|SA_SIGINFO
SIGILL: [libjvm.so+0x8b5350], sa_mask[0]=11111111011111111101111111111110, sa_flags=SA_RESTART|SA_SIGINFO
SIGUSR1: SIG_DFL, sa_mask[0]=00000000000000000000000000000000, sa_flags=none
SIGUSR2: [libjvm.so+0x8b5200], sa_mask[0]=00000000000000000000000000000000, sa_flags=SA_RESTART|SA_SIGINFO
SIGHUP: SIG_DFL, sa_mask[0]=00000000000000000000000000000000, sa_flags=none
SIGINT: SIG_IGN, sa_mask[0]=00000000000000000000000000000000, sa_flags=none
SIGTERM: SIG_DFL, sa_mask[0]=00000000000000000000000000000000, sa_flags=none
SIGQUIT: SIG_IGN, sa_mask[0]=00000000000000000000000000000000, sa_flags=none


---------------  S Y S T E M  ---------------

OS:DISTRIB_ID=Ubuntu
DISTRIB_RELEASE=16.04
DISTRIB_CODENAME=xenial
DISTRIB_DESCRIPTION="Ubuntu 16.04.4 LTS"

uname:Linux 4.4.0-119-generic #143-Ubuntu SMP Mon Apr 2 16:08:24 UTC 2018 x86_64
libc:glibc 2.23 NPTL 2.23 
rlimit: STACK 8192k, CORE 0k, NPROC 1896, NOFILE 1048576, AS infinity
load average:0.00 0.03 0.00

/proc/meminfo:
MemTotal:         499780 kB
MemFree:           78664 kB
MemAvailable:     336084 kB
Buffers:           17516 kB
Cached:           239092 kB
SwapCached:            0 kB
Active:           269336 kB
Inactive:          85476 kB
Active(anon):     101356 kB
Inactive(anon):    10760 kB
Active(file):     167980 kB
Inactive(file):    74716 kB
Unevictable:        3652 kB
Mlocked:            3652 kB
SwapTotal:             0 kB
SwapFree:              0 kB
Dirty:                76 kB
Writeback:             0 kB
AnonPages:        101872 kB
Mapped:            41320 kB
Shmem:             11472 kB
Slab:              41744 kB
SReclaimable:      27668 kB
SUnreclaim:        14076 kB
KernelStack:        2256 kB
PageTables:         4984 kB
NFS_Unstable:          0 kB
Bounce:                0 kB
WritebackTmp:          0 kB
CommitLimit:      249888 kB
Committed_AS:     421232 kB
VmallocTotal:   34359738367 kB
VmallocUsed:           0 kB
VmallocChunk:          0 kB
HardwareCorrupted:     0 kB
AnonHugePages:         0 kB
CmaTotal:              0 kB
CmaFree:               0 kB
HugePages_Total:       0
HugePages_Free:        0
HugePages_Rsvd:        0
HugePages_Surp:        0
Hugepagesize:       2048 kB
DirectMap4k:       53184 kB
DirectMap2M:      471040 kB


CPU:total 2 (initial active 2) (2 cores per cpu, 1 threads per core) family 6 model 94 stepping 3, cmov, cx8, fxsr, mmx, sse, sse2, sse3, ssse3, sse4.1, sse4.2, popcnt, avx, avx2, aes, clmul, 3dnowpref, lzcnt, tsc, tscinvbit

/proc/cpuinfo:
processor	: 0
vendor_id	: GenuineIntel
cpu family	: 6
model		: 94
model name	: Intel(R) Xeon(R) CPU E3-1225 v5 @ 3.30GHz
stepping	: 3
cpu MHz		: 3312.026
cache size	: 8192 KB
physical id	: 0
siblings	: 2
core id		: 0
cpu cores	: 2
apicid		: 0
initial apicid	: 0
fpu		: yes
fpu_exception	: yes
cpuid level	: 22
wp		: yes
flags		: fpu vme de pse tsc msr pae mce cx8 apic sep mtrr pge mca cmov pat pse36 clflush mmx fxsr sse sse2 ht syscall nx rdtscp lm constant_tsc rep_good nopl xtopology nonstop_tsc pni pclmulqdq ssse3 cx16 sse4_1 sse4_2 x2apic movbe popcnt aes xsave avx rdrand hypervisor lahf_lm abm 3dnowprefetch rsb_ctxsw retpoline kaiser avx2 rdseed clflushopt
bugs		: cpu_meltdown spectre_v1 spectre_v2
bogomips	: 6624.05
clflush size	: 64
cache_alignment	: 64
address sizes	: 39 bits physical, 48 bits virtual
power management:

processor	: 1
vendor_id	: GenuineIntel
cpu family	: 6
model		: 94
model name	: Intel(R) Xeon(R) CPU E3-1225 v5 @ 3.30GHz
stepping	: 3
cpu MHz		: 3312.026
cache size	: 8192 KB
physical id	: 0
siblings	: 2
core id		: 1
cpu cores	: 2
apicid		: 1
initial apicid	: 1
fpu		: yes
fpu_exception	: yes
cpuid level	: 22
wp		: yes
flags		: fpu vme de pse tsc msr pae mce cx8 apic sep mtrr pge mca cmov pat pse36 clflush mmx fxsr sse sse2 ht syscall nx rdtscp lm constant_tsc rep_good nopl xtopology nonstop_tsc pni pclmulqdq ssse3 cx16 sse4_1 sse4_2 x2apic movbe popcnt aes xsave avx rdrand hypervisor lahf_lm abm 3dnowprefetch rsb_ctxsw retpoline kaiser avx2 rdseed clflushopt
bugs		: cpu_meltdown spectre_v1 spectre_v2
bogomips	: 6624.05
clflush size	: 64
cache_alignment	: 64
address sizes	: 39 bits physical, 48 bits virtual
power management:



Memory: 4k page, physical 499780k(78664k free), swap 0k(0k free)

vm_info: OpenJDK 64-Bit Server VM (25.162-b12) for linux-amd64 JRE (1.8.0_162-8u162-b12-0ubuntu0.16.04.2-b12), built on Mar 14 2018 12:11:18 by "buildd" with gcc 5.4.0 20160609

time: Wed Apr 11 22:11:22 2018
elapsed time: 0 seconds (0d 0h 0m 0s)

